b2e1143d was Candace Savonen, 22 hours ago, message: Merge branch 'master' into cansavvy/CONTRIB-staging
8b81fdd9 was Candace Savonen, 23 hours ago, message: Mechanics for CSS file and navbar add feedback URL (#303)
5cf712d4 was Candace Savonen, 2 days ago, message: Merge branch 'master' into cansavvy/CONTRIB-staging
5f841ad0 was Candace Savonen, 2 days ago, message: Docker dep fix: Add lib package 40 thing that clusterprofiler needs (#316)
b8278159 was Candace Savonen, 3 days ago, message: Updating contributing with info about staging branch
d96ed682 was Candace Savonen, 3 days ago, message: Add a syntax highlight thing (#310)
ba102076 was Candace Savonen, 3 days ago, message: Standardize references.bib and add URLs (#308)
bbacd4f8 was Candace Savonen, 7 days ago, message: Update Pathway Analysis: ORA - clusterProfiler version (#283)
7f8510b7 was Candace Savonen, 7 days ago, message: Do some rearranging and polishing of the file path set up for getting started for each example (#298)
bd3b2a17 was Chante Bethell, 8 days ago, message: Add RNA-seq Ortholog Mapping example notebook (#267)
5bf099e7 was Chante Bethell, 8 days ago, message: Update Microarray Ortholog Mapping example (#246)
aa60dcc3 was Candace Savonen, 8 days ago, message: Add 'References' header to each example (#301)
0aecedbc was Candace Savonen, 8 days ago, message: Rearrange sentences in getting started sections (#302)
b281c37b was Candace Savonen, 8 days ago, message: Update screenshots in the getting started section for each example (#300)
894c34ca was Candace Savonen, 9 days ago, message: Intro to Microarray Header (#232)
8dd727ef was Candace Savonen, 9 days ago, message: Attempt 2: Spell check still doesn't kill GHA (#294)
a3ea152e was jashapiro, 9 days ago, message: Update dataframe rendering (#293)
f678632c was Candace Savonen, 9 days ago, message: Testing spell check - make it fail properly (#292)
a0eb1e57 was Candace Savonen, 2 weeks ago, message: Use the word 'transform' more consistently on DESeq2 steps (#249)
79ddc77f was Candace Savonen, 2 weeks ago, message: Update checklist and CONTRIBUTING.md based on automation changes (#274)
4f8a2c92 was jashapiro, 2 weeks ago, message: Merge pull request #273 from AlexsLemonade/jashapiro/speed-docker-check
8d7c44fc was jashapiro, 2 weeks ago, message: Merge branch 'master' into jashapiro/speed-docker-check
57605bbf was Candace Savonen, 2 weeks ago, message: Change inputs for Snakefile (#272)
2a946379 was Joshua Shapiro, 2 weeks ago, message: Revert "whitespace change of dockerfile"
2d2066ff was Joshua Shapiro, 2 weeks ago, message: remove if statements from actions
c690d3ea was Joshua Shapiro, 2 weeks ago, message: whitespace change of dockerfile
51dae739 was Joshua Shapiro, 2 weeks ago, message: Let github decide if the workflow should run.
e3618d37 was Joshua Shapiro, 2 weeks ago, message: Try origin/master
6f476739 was Joshua Shapiro, 2 weeks ago, message: Add checking dockerfile for changes
7c594ef2 was Candace Savonen, 2 weeks ago, message: Set the seed for those jitter plots in DE modules (#268)
28fb568c was Candace Savonen, 3 weeks ago, message: Tidy up autorender change issues (#264)
404e308a was jashapiro, 3 weeks ago, message: Merge pull request #266 from AlexsLemonade/jashapiro/docs-bot
4ae16673 was Joshua Shapiro, 3 weeks ago, message: Switch to the Docs bot
7be0717c was jashapiro, 3 weeks ago, message: Merge pull request #265 from AlexsLemonade/jashapiro/gha-renderto-ghpages
a9dfa878 was Joshua Shapiro, 3 weeks ago, message: Move trigger to master
5f2cbaaf was Joshua Shapiro, 3 weeks ago, message: merge instead of rebase
c99cc3bc was Joshua Shapiro, 3 weeks ago, message: Merge remote-tracking branch 'origin/master' into jashapiro/gha-renderto-ghpages
5cb56359 was Joshua Shapiro, 3 weeks ago, message: Test using the commit hash for rebase
f435b8bf was Joshua Shapiro, 3 weeks ago, message: rebase origin?
57d7fb2f was Joshua Shapiro, 3 weeks ago, message: Add upstream
1955f58e was Joshua Shapiro, 3 weeks ago, message: Make changes on gh-pages branch
9bc1ee66 was Candace Savonen, 3 weeks ago, message: PR2: Fix spelling errors and add things to dictionary.txt (#257)
08621b2f was Joshua Shapiro, 3 weeks ago, message: Make add explicit
955d89e6 was Joshua Shapiro, 3 weeks ago, message: Test pushing to gh-pages
7e517555 was jashapiro, 3 weeks ago, message: Merge pull request #261 from AlexsLemonade/jashapiro/disable-build-push
d7a5a953 was Joshua Shapiro, 3 weeks ago, message: I think I have to specify a branch
f968f4b5 was Joshua Shapiro, 3 weeks ago, message: Disable build-push workflow.
5cb54007 was jashapiro, 3 weeks ago, message: Merge pull request #260 from AlexsLemonade/jashapiro/fix-renderbot
f1353898 was jashapiro, 3 weeks ago, message: Merge branch 'master' into jashapiro/fix-renderbot
d28669af was Joshua Shapiro, 3 weeks ago, message: force?
9ab6ee28 was jashapiro, 3 weeks ago, message: Merge pull request #259 from AlexsLemonade/jashapiro/fix-renderbot
3ebd7e4b was Joshua Shapiro, 3 weeks ago, message: Don't style and spellcheck on pushes to master
93e262c6 was Joshua Shapiro, 3 weeks ago, message: docker push on build only
c522475c was jashapiro, 3 weeks ago, message: Rebuild all html files using snakemake
475fbdfa was jashapiro, 3 weeks ago, message: Update .github/workflows/docker-build-push.yml
4784ae26 was Joshua Shapiro, 3 weeks ago, message: Re-enable push
34b8b0ed was Joshua Shapiro, 3 weeks ago, message: Merge remote-tracking branch 'origin/jashapiro/gha-snakemake' into jashapiro/gha-snakemake
8193f8cf was Joshua Shapiro, 3 weeks ago, message: Remove branch from triggers
e8169fc3 was GitHub Actions, 3 weeks ago, message: Render Rmd to html
fd01a66f was Joshua Shapiro, 3 weeks ago, message: Add commit step
cadd40ab was Joshua Shapiro, 3 weeks ago, message: Merge remote-tracking branch 'origin/master' into jashapiro/gha-snakemake
e630a4ee was Candace Savonen, 3 weeks ago, message: Automate spell checking! - PR1 (#253)
3944013f was Joshua Shapiro, 3 weeks ago, message: Add load: true to skip redownload
ae19ccde was Joshua Shapiro, 3 weeks ago, message: Format only change to dockerfile for testing
d67c3f3a was Joshua Shapiro, 3 weeks ago, message: Add forceall to snakemake
708ccac2 was Joshua Shapiro, 3 weeks ago, message: Disable Dockerhub push for testing
c6989ccf was Joshua Shapiro, 3 weeks ago, message: Apparently aws is installed!
1b74879c was Joshua Shapiro, 3 weeks ago, message: run download in docker
d48b718f was Joshua Shapiro, 3 weeks ago, message: Add download data step
fe40976b was Joshua Shapiro, 3 weeks ago, message: Add snakemake and git commit
b8abd158 was Joshua Shapiro, 3 weeks ago, message: Change docker for test
d21b52cb was Joshua Shapiro, 3 weeks ago, message: One more try at if statements
c5029e22 was Joshua Shapiro, 3 weeks ago, message: Test dockerfile changes
8f3f952d was Joshua Shapiro, 3 weeks ago, message: Add output messages
01a8679f was Joshua Shapiro, 3 weeks ago, message: Add step id
a60dd2eb was Joshua Shapiro, 3 weeks ago, message: Fix indentation
9b49269b was Joshua Shapiro, 3 weeks ago, message: test check
c6e2e109 was Joshua Shapiro, 3 weeks ago, message: single quote
d4e080cc was Joshua Shapiro, 3 weeks ago, message: Try a different check technique
687ee6b1 was Joshua Shapiro, 3 weeks ago, message: Whitespace change to test diff test
a66de446 was Joshua Shapiro, 3 weeks ago, message: Output check_docker
0de6f5ee was Joshua Shapiro, 3 weeks ago, message: get full repo history
62f530d6 was Joshua Shapiro, 3 weeks ago, message: Try the git diff again
03e27f73 was Joshua Shapiro, 3 weeks ago, message: get all the event info
92cc8be2 was Joshua Shapiro, 3 weeks ago, message: try again to get an env
e2d53891 was Joshua Shapiro, 3 weeks ago, message: check after?
c0d97ed8 was Joshua Shapiro, 3 weeks ago, message: simplify the test
9a7f5e0e was Joshua Shapiro, 3 weeks ago, message: Make expressions
bbf03241 was Joshua Shapiro, 3 weeks ago, message: Testing Docker check
dfda6237 was jashapiro, 3 weeks ago, message: Merge pull request #252 from AlexsLemonade/jashapiro/docker-push-fix
73b158cf was Joshua Shapiro, 3 weeks ago, message: Remove branch trigger
3d8b3d42 was Joshua Shapiro, 3 weeks ago, message: Try adding buildx setup
66670669 was Joshua Shapiro, 3 weeks ago, message: Change space
2b733761 was jashapiro, 3 weeks ago, message: Merge pull request #250 from AlexsLemonade/jashapiro/Docker-push-test
fb6b23c5 was jashapiro, 3 weeks ago, message: Remove outdated comment.
06af6567 was Joshua Shapiro, 3 weeks ago, message: Remove install2.r from dockerfile
4191c643 was jashapiro, 3 weeks ago, message: Merge pull request #238 from AlexsLemonade/jashapiro/docker-push
e3280b51 was Joshua Shapiro, 3 weeks ago, message: Merge remote-tracking branch 'origin/master' into jashapiro/docker-push
cc866bdf was Joshua Shapiro, 3 weeks ago, message: Revert "Try using dockerhub image for the cache"
7d969d22 was Candace Savonen, 3 weeks ago, message: GitHub Actions: Styler  (#248)
c6035c2a was jashapiro, 4 weeks ago, message: Fix paths restriction
4cef62d7 was jashapiro, 4 weeks ago, message: Update comments
6c3a5709 was Joshua Shapiro, 4 weeks ago, message: Add path restriction
cfca4a49 was Joshua Shapiro, 4 weeks ago, message: Change secret names
6084bdd6 was Joshua Shapiro, 4 weeks ago, message: Update contributing to reflect automatic docker push
4985f873 was Joshua Shapiro, 4 weeks ago, message: Add a build and push actions workflow
7b90e967 was jashapiro, 4 weeks ago, message: Merge pull request #237 from AlexsLemonade/jashapiro/docker-build
4d53b4de was Joshua Shapiro, 4 weeks ago, message: Added notes on docker to CONTRIBUTING
4560853a was Joshua Shapiro, 4 weeks ago, message: Update readme with new Dockerfile path
8e5ff091 was Joshua Shapiro, 4 weeks ago, message: Sort pip3 installs
bb40c7e3 was Joshua Shapiro, 4 weeks ago, message: Test adding caching
b40b0ce4 was Joshua Shapiro, 4 weeks ago, message: Fix indentation
185ccbac was Joshua Shapiro, 4 weeks ago, message: Create docker build workflow
55e4af70 was Candace Savonen, 4 weeks ago, message: Differential Expression for Microarray - more than 2 groups (#225)
bbd52805 was Chante Bethell, 4 weeks ago, message: Update RNA-seq gene ID conversion example (#218)
04f834bc was Chante Bethell, 4 weeks ago, message: Modernize the `reshape2::melt()` step in the microarray gene id annotation notebook (#230)
40aa22a4 was Candace Savonen, 4 weeks ago, message: Add a reminder to test links in the PR template checklist (#227)
d10e38e0 was Candace Savonen, 4 weeks ago, message: Fix clustering link (#226)
8a2c52cc was Candace Savonen, 5 weeks ago, message: RNA-Seq Header Section (#216)
a51fd19c was Jaclyn Taroni, 5 weeks ago, message: Add a section about the PR status check to contributing guidelines (#222)
7509c93d was Jaclyn Taroni, 5 weeks ago, message: Create blank.yml (#221)
d5f6c7a9 was Chante Bethell, 5 weeks ago, message: Add microarray gene ID conversion example (#212)
abb4c82b was Candace Savonen, 5 weeks ago, message: Be consistent about `library(ggplot2)`  (#217)
741fe250 was Candace Savonen, 6 weeks ago, message: Update microarray analyses: differential expression (#208)
24cfaae5 was Chante Bethell, 6 weeks ago, message: Update the microarray clustering example notebook (#205)
e8500af0 was Candace Savonen, 7 weeks ago, message: Add skip buttons! (#207)
ae9e081a was Chante Bethell, 7 weeks ago, message: Update the microarray UMAP example notebook (#200)
28814478 was Chante Bethell, 7 weeks ago, message: Update microarray PCA example notebook (#198)
c2ba6812 was Jaclyn Taroni, 7 weeks ago, message: Ignore more things (#201)
7ab7fafb was Candace Savonen, 8 weeks ago, message: Differential expression RNA-seq Revamp (#183)
a6ee8c92 was Chante Bethell, 8 weeks ago, message: Add RNA-seq UMAP example notebook (#193)
df38fc61 was Candace Savonen, 8 weeks ago, message: Separate template changes from DE PCA to its own PR (#197)
e4959bb7 was Candace Savonen, 8 weeks ago, message: Define some citation tag rules (#194)
f0e4da1a was Chante Bethell, 9 weeks ago, message: Add RNA-seq PCA example notebook (#176)
b9e9bd36 was jashapiro, 9 weeks ago, message: Merge pull request #192 from AlexsLemonade/jashapiro/cite-style
feed3fe8 was Joshua Shapiro, 9 weeks ago, message: Fix help line to refer to the option name
36ab665f was Joshua Shapiro, 9 weeks ago, message: Add parallelism to snakemake example
17c6ed86 was Joshua Shapiro, 9 weeks ago, message: Adding a citation style!
ce409aa0 was Candace Savonen, 9 weeks ago, message: Make some updates to CONTRIBUTING.md (#187)
09544240 was Jaclyn Taroni, 9 weeks ago, message: Some fixes to the template Rmd (#189)
1d0f2e77 was jashapiro, 9 weeks ago, message: Add navbar example (#161)
819f3a29 was jashapiro, 9 weeks ago, message: Merge pull request #184 from AlexsLemonade/jashapiro/filenames
fcfaafa2 was Joshua Shapiro, 9 weeks ago, message: Update file name instructions
d125ac74 was Candace Savonen, 10 weeks ago, message: Data download script (and associated instructions) (#180)
91a8d1af was Chante Bethell, 2 months ago, message: Update getting started section instructions on skipping QN and copying to the data folder (#179)
4752014d was Candace Savonen, 2 months ago, message: Remove analysis subdirectories and adjust accordingly (#178)
b912fff0 was Candace Savonen, 2 months ago, message: Add in more guidance about Docker images (#167)
73c39c7c was Chante Bethell, 2 months ago, message: Add rearranged version of RNA-seq clustering example notebook (#151)
3499fcf7 was Candace Savonen, 2 months ago, message: Refining the template notebook (#165)
70b649a8 was Candace Savonen, 2 months ago, message: Use URLs for screenshots instead! (#166)
fe91830c was Candace Savonen, 2 months ago, message: Fix wording around using template folder (#164)
15abd7ed was jashapiro, 2 months ago, message: Add project file (#160)
7368b2ba was Candace Savonen, 2 months ago, message: Template for analysis getting started sections (#146)
a9588ec5 was Candace Savonen, 2 months ago, message: Set up docker image  (#159)
97d0186e was Candace Savonen, 3 months ago, message: Update PR template to cover style guide things - automate styler in the process (#153)
240c015e was Candace Savonen, 3 months ago, message: Contributing guidelines (#148)
9e21e031 was Candace Savonen, 3 months ago, message: Custom rendering script  (#150)
6d54b03a was Candace Savonen, 3 months ago, message: The Getting Started section  (#138)
f6596e04 was Candace Savonen, 3 months ago, message: Undo the changes that shouldn't have been merged. (#143)
e93517b5 was Candace Savonen, 3 months ago, message: Merge branch 'cansavvy/clustering-intro' into origin/master
dd2ef4ea was Candace Savonen, 3 months ago, message: Merge remote-tracking branch 'origin/master' into cansavvy/clustering-intro
9e6e045f was Candace Savonen, 3 months ago, message: Fix wordings identified by the reviews and add some more
2fe1fbe6 was Candace Savonen, 3 months ago, message: Add basic links to Getting Started
5aad1264 was Candace Savonen, 3 months ago, message: Restructure the folders by technology (#120)
9dfcb3a5 was Chante Bethell, 3 months ago, message: Pr 4 of 4: Add inline comments where users need to replace code (#121)
5720f72a was Candace Savonen, 4 months ago, message: Merge branch 'cansavvy/restructure' into cansavvy/clustering-intro
03af227c was Candace Savonen, 4 months ago, message: Try to resolve conflicts with pathway analysis and clustering modules
e47699a3 was Candace Savonen, 4 months ago, message: Merge remote-tracking branch 'origin/master' into cansavvy/restructure
d002c50f was Candace Savonen, 4 months ago, message: Add back normalize-data gitignore
a218e1f0 was Candace Savonen, 4 months ago, message: update screenshot
6cc9f06f was Candace Savonen, 4 months ago, message: Adjust the headers
2fee9c64 was Candace Savonen, 4 months ago, message: Edit the bullet points and screenshot
ac7ba96c was Candace Savonen, 4 months ago, message: Fix some spacing issues
6e72eef6 was Candace Savonen, 4 months ago, message: Refresh notebook
ed929a22 was Candace Savonen, 4 months ago, message: Add moar words and screenshots
a0546e95 was Candace Savonen, 4 months ago, message: Working on providing :all-the-context:
a074acb6 was Chante Bethell, 4 months ago, message: Add inline comments where users need to replace code - PR 1 of n (#104)
7ef8cd55 was Chante Bethell, 4 months ago, message: PR 3 of n: Add inline comments where users need to replace code (#115)
9ce42d28 was Chante Bethell, 4 months ago, message: PR 2 of n - Add inline comments where users need to replace code (#105)
17e611e0 was Candace Savonen, 4 months ago, message: Revert clustering edits
189ebb0a was Candace Savonen, 4 months ago, message: Fix all the links with restructuring
6c19facf was Candace Savonen, 4 months ago, message: streamline the differential expression modules
b3b4e1da was Candace Savonen, 4 months ago, message: Restructure and attempt to add basic Jekyll stuffs
9a3d032b was Jaclyn Taroni, 1 year, 3 months ago, message: limma-voom example for RNA-seq w/o quantile normalization (#95)
bdf3d6fb was Jaclyn Taroni, 1 year, 3 months ago, message: Found a typo (#94)
bf308470 was Candace Savonen, 1 year, 5 months ago, message: mods to license based on Daniel's comment (#89)
b9096211 was Candace Savonen, 1 year, 5 months ago, message: Adding Terms and Conditions File and Statement to Each Module (#88)
a813f5f7 was Candace Savonen, 1 year, 5 months ago, message: Adding Terms and Conditions to Clustering (#87)
e2740938 was Candace Savonen, 1 year, 5 months ago, message: Add multi license to cover notebook materials (#86)
9a96dc13 was Jaclyn Taroni, 1 year, 6 months ago, message: Move up RStudio in list of requirements (#80)
0145fff8 was Candace Savonen, 1 year, 6 months ago, message: Main README changes (#63)
e35e8c9d was Candace Savonen, 1 year, 6 months ago, message: validate-differential-expression: Update data and re-run Rmds (#79)
2f1f79d8 was Candace Savonen, 1 year, 6 months ago, message: clustering: Update the data and re-run Rmds (#78)
4614ace6 was Candace Savonen, 1 year, 6 months ago, message: Change the data and column references to be 'Gene' (#77)
65261231 was Candace Savonen, 1 year, 6 months ago, message: differential-expression: Update data and re-run Rmds (#76)
e31a731a was Candace Savonen, 1 year, 6 months ago, message: Add updates to clustering README (#69)
f077cc0f was Candace Savonen, 1 year, 6 months ago, message: Update data file and re-run Rmd (#75)
91c18ddd was Jaclyn Taroni, 1 year, 6 months ago, message: Pathway analysis: update for new smasher behavior (#74)
b08760b9 was Jaclyn Taroni, 1 year, 6 months ago, message: Ortholog mapping: update for new smasher behavior (#73)
06802f81 was Candace Savonen, 1 year, 6 months ago, message: Changes to Differential Expression README (#66)
e220a22a was Candace Savonen, 1 year, 6 months ago, message: validate-differential-expression wording suggestion  (#72)
7df8423e was Candace Savonen, 1 year, 6 months ago, message: Validate Differential Expression README (#71)
c5f22b46 was Candace Savonen, 1 year, 6 months ago, message: Updating Ensembl ID convert README (#67)
5ae1be5c was Jaclyn Taroni, 1 year, 6 months ago, message: Ortholog mapping: remove last few references to multiple experiments (#70)
40352b2f was Candace Savonen, 1 year, 6 months ago, message: Update dimension reduction README (#68)
56a39384 was Jaclyn Taroni, 1 year, 6 months ago, message: Apply general recommendations to ortholog mapping (#62)
7312106b was Jaclyn Taroni, 1 year, 6 months ago, message: Add more information about file formats for QN (#61)
1c869a09 was Candace Savonen, 1 year, 6 months ago, message: Add 'file made' message to create_gct_file.R (#64)
8a6cdaaf was Jaclyn Taroni, 1 year, 6 months ago, message: Pathway analysis: add README (#60)
ee1a6f61 was Candace Savonen, 1 year, 6 months ago, message: Add README to dimension reduction folder (#58)
83a5b69f was Jaclyn Taroni, 1 year, 6 months ago, message: Pathway analysis: Over-representation analysis with WebGestaltR (#56)
2eaabec8 was Jaclyn Taroni, 1 year, 6 months ago, message: Pathway analysis: exploratory data analysis with ssGSEA (#55)
10b116df was Jaclyn Taroni, 1 year, 6 months ago, message: Pathway analysis: Meta-analysis with QuSAGE (#53)
b1db350c was Candace Savonen, 1 year, 6 months ago, message: Add PR template from scRNA-seq_sandbox (#57)
e76daa3b was Candace Savonen, 1 year, 6 months ago, message: Comparing Northcott and Robinson datasets (Validate DE Part 2) (#46)
9c522660 was Jaclyn Taroni, 1 year, 6 months ago, message: Pathway analysis: QuSAGE for single dataset (#47)
44ed96a1 was Jaclyn Taroni, 1 year, 6 months ago, message: Get KEGG pathway GMT for mouse symbols (#44)
1b54c33a was Candace Savonen, 1 year, 6 months ago, message: Validate DE Part 1 (#43)
c74a52ff was Jaclyn Taroni, 1 year, 6 months ago, message: Pathway analysis: replicate QuSAGE vignette (#36)
10435f34 was Candace Savonen, 1 year, 6 months ago, message: Upload UMAP example and revamped PCA example (#35)
20544768 was Candace Savonen, 1 year, 6 months ago, message: pca example notebook  (#34)
ca79924a was Jaclyn Taroni, 1 year, 6 months ago, message: Using refine.bio QN targets with own data (#31)
c97cad6a was Candace Savonen, 1 year, 7 months ago, message: README streamlining edits (#25)
9c243c70 was Candace Savonen, 1 year, 11 months ago, message: Simplify differential expression (#22)
4d47d138 was Jaclyn Taroni, 2 years, 1 month ago, message: Add imagetype argument to save as PNG (#19)
0398c1f1 was Jaclyn Taroni, 2 years, 1 month ago, message: Fix refine.bio link in README (#17)
87b618c8 was Jaclyn Taroni, 2 years, 1 month ago, message: Processing pipeline comparisons (#16)
5674acdc was Candace Savonen, 2 years, 1 month ago, message: Update README.md (#12)
e417efe4 was Jaclyn Taroni, 2 years, 1 month ago, message: Add LICENSE (#13)
bc39e621 was Candace Savonen, 2 years, 1 month ago, message: cansav09/diffexp (#6)
85dcd3ec was Jaclyn Taroni, 2 years, 1 month ago, message: Add ortholog mapping with hcop example (#8)
25fb76f9 was Candace Savonen, 2 years, 1 month ago, message: ensembl id conversion (#5)
3ca3175e was Candace Savonen, 2 years, 1 month ago, message: cansav09/clustering (#1)
eab7f299 was Jaclyn Taroni, 2 years, 1 month ago, message: Initial commit