INFO [2018-09-24 23:08:33] [[1]]
INFO [2018-09-24 23:08:33] diff.list
INFO [2018-09-24 23:08:33] 
INFO [2018-09-24 23:08:33] $filename
INFO [2018-09-24 23:08:33] file.path("plots", "diff_exp_genes_venn.png")
INFO [2018-09-24 23:08:33] 
INFO [2018-09-24 23:08:33] $main
INFO [2018-09-24 23:08:33] [1] "Differentially Expressed Genes"
INFO [2018-09-24 23:08:33] 
INFO [2018-09-24 23:08:33] $fontfamily
INFO [2018-09-24 23:08:33] [1] "Helvetica"
INFO [2018-09-24 23:08:33] 
INFO [2018-09-24 23:08:33] $main.fontfamily
INFO [2018-09-24 23:08:33] [1] "Helvetica"
INFO [2018-09-24 23:08:33] 
INFO [2018-09-24 23:08:33] $main.fontface
INFO [2018-09-24 23:08:33] [1] "bold"
INFO [2018-09-24 23:08:33] 
INFO [2018-09-24 23:08:33] $sub.fontfamily
INFO [2018-09-24 23:08:33] [1] "Helvetica"
INFO [2018-09-24 23:08:33] 
INFO [2018-09-24 23:08:33] $cat.fontfamily
INFO [2018-09-24 23:08:33] [1] "Helvetica"
INFO [2018-09-24 23:08:33] 
