INFO [2018-10-05 13:27:09] [[1]]
INFO [2018-10-05 13:27:09] path.list
INFO [2018-10-05 13:27:09] 
INFO [2018-10-05 13:27:09] $filename
INFO [2018-10-05 13:27:09] file.path("plots", "significant_genesets_venn.png")
INFO [2018-10-05 13:27:09] 
INFO [2018-10-05 13:27:09] $main
INFO [2018-10-05 13:27:09] [1] "ORA Genesets"
INFO [2018-10-05 13:27:09] 
INFO [2018-10-05 13:27:09] $fontfamily
INFO [2018-10-05 13:27:09] [1] "Helvetica"
INFO [2018-10-05 13:27:09] 
INFO [2018-10-05 13:27:09] $main.fontfamily
INFO [2018-10-05 13:27:09] [1] "Helvetica"
INFO [2018-10-05 13:27:09] 
INFO [2018-10-05 13:27:09] $main.fontface
INFO [2018-10-05 13:27:09] [1] "bold"
INFO [2018-10-05 13:27:09] 
INFO [2018-10-05 13:27:09] $sub.fontfamily
INFO [2018-10-05 13:27:09] [1] "Helvetica"
INFO [2018-10-05 13:27:09] 
INFO [2018-10-05 13:27:09] $cat.fontfamily
INFO [2018-10-05 13:27:09] [1] "Helvetica"
INFO [2018-10-05 13:27:09] 
INFO [2018-10-05 13:27:09] $imagetype
INFO [2018-10-05 13:27:09] [1] "png"
INFO [2018-10-05 13:27:09] 
