INFO [2018-09-24 23:08:35] [[1]]
INFO [2018-09-24 23:08:35] path.list
INFO [2018-09-24 23:08:35] 
INFO [2018-09-24 23:08:35] $filename
INFO [2018-09-24 23:08:35] file.path("plots", "significant_genesets_venn.png")
INFO [2018-09-24 23:08:35] 
INFO [2018-09-24 23:08:35] $main
INFO [2018-09-24 23:08:35] [1] "ORA Genesets"
INFO [2018-09-24 23:08:35] 
INFO [2018-09-24 23:08:35] $fontfamily
INFO [2018-09-24 23:08:35] [1] "Helvetica"
INFO [2018-09-24 23:08:35] 
INFO [2018-09-24 23:08:35] $main.fontfamily
INFO [2018-09-24 23:08:35] [1] "Helvetica"
INFO [2018-09-24 23:08:35] 
INFO [2018-09-24 23:08:35] $main.fontface
INFO [2018-09-24 23:08:35] [1] "bold"
INFO [2018-09-24 23:08:35] 
INFO [2018-09-24 23:08:35] $sub.fontfamily
INFO [2018-09-24 23:08:35] [1] "Helvetica"
INFO [2018-09-24 23:08:35] 
INFO [2018-09-24 23:08:35] $cat.fontfamily
INFO [2018-09-24 23:08:35] [1] "Helvetica"
INFO [2018-09-24 23:08:35] 
